miniprogram to uni-app 转换日志

---基本信息---
时间: 2020-05-09 22:35:46
语言: Javascript
转换模式: Hbuilder X
是否转换wxs文件: false

---小程序基本信息---
name: wechat-im
version: 1.0.0
description: 
appid: wxbd7f8c0d83d2bba5
projectname: 
compileType: miniprogram
author: 

---目录信息---
sourceFolder: /Users/jiangecho/bitbucket/wildfirechat/wx-chat
targetFolder: /Users/jiangecho/bitbucket/wildfirechat/wx-chat_uni
outputFolder: /Users/jiangecho/bitbucket/wildfirechat/wx-chat_uni
miniprogramRoot: /Users/jiangecho/bitbucket/wildfirechat/wx-chat

---日志信息---
Error: 解析文件出错: SyntaxError: 'return' outside of function (25:1)      file: /Users/jiangecho/bitbucket/wildfirechat/wx-chat/node_modules/strip-bom/cli.js
Error: 解析文件出错: SyntaxError: 'return' outside of function (18:1)      file: /Users/jiangecho/bitbucket/wildfirechat/wx-chat/node_modules/user-home/cli.js
Error: 解析文件出错: SyntaxError: 'return' outside of function (13:4)      file: /Users/jiangecho/bitbucket/wildfirechat/wx-chat/node_modules/mkdirp/bin/cmd.js
Error: 解析文件出错: SyntaxError: Legacy octal literals are not allowed in strict mode (80:53)      file: /Users/jiangecho/bitbucket/wildfirechat/wx-chat/node_modules/globule/node_modules/graceful-fs/graceful-fs.js
Error: 解析文件出错: SyntaxError: Legacy octal literals are not allowed in strict mode (38:14)      file: /Users/jiangecho/bitbucket/wildfirechat/wx-chat/node_modules/globule/node_modules/glob/test/00-setup.js
Error: 解析文件出错: SyntaxError: Legacy octal literals are not allowed in strict mode (42:44)      file: /Users/jiangecho/bitbucket/wildfirechat/wx-chat/node_modules/globule/node_modules/minimatch/test/basic.js
Error: 解析文件出错: SyntaxError: Legacy octal literals are not allowed in strict mode (45:46)      file: /Users/jiangecho/bitbucket/wildfirechat/wx-chat/node_modules/globule/node_modules/minimatch/test/defaults.js
[Warning] image漏网之鱼:    src--> "./../../image/chat/extra/{{item.picName}}.png"     file--> components/chat-input/extra.wxml
[Warning] image漏网之鱼:    src--> "./../../image/chat/voice/{{voiceObj.status==='start'?(voiceObj.moveToCancel?'recall':'speak'):'attention'}}.png"     file--> components/chat-input/voice.wxml
[Warning] image漏网之鱼:    src--> "../../image/chat/voice/{{inputStatus==='voice'?'keyboard':'voice'}}.png"     file--> components/chat-input/chat-input.wxml
[Warning] image漏网之鱼:    src--> "./../../image/chat/popu_{{isMy?'blue':'white'}}.png"     file--> modules/chat-page/word.wxml
[命名替换]:  _checkRecordAuth  -->  checkRecordAuthFun    file: components/chat-input/chat-input.js
[命名替换]:  _triggerVoiceRecordEvent  -->  triggerVoiceRecordEventFun    file: components/chat-input/chat-input.js
[命名替换]:  _endRecord  -->  endRecordFun    file: components/chat-input/chat-input.js
[命名替换]:  _triggerVoiceRecordEvent  -->  triggerVoiceRecordEventFun    file: components/chat-input/chat-input.js
[命名替换]:  _delayDismissCancelView  -->  delayDismissCancelViewFun    file: components/chat-input/chat-input.js
[命名替换]:  _endRecord  -->  endRecordFun    file: components/chat-input/chat-input.js
[命名替换]:  _delayDismissCancelView  -->  delayDismissCancelViewFun    file: components/chat-input/chat-input.js
[命名替换]:  _endRecord  -->  endRecordFun    file: components/chat-input/chat-input.js
[命名替换]:  _triggerVoiceRecordEvent  -->  triggerVoiceRecordEventFun    file: components/chat-input/chat-input.js
[命名替换]:  _triggerVoiceRecordEvent  -->  triggerVoiceRecordEventFun    file: components/chat-input/chat-input.js
[命名替换]:  _triggerVoiceRecordEvent  -->  triggerVoiceRecordEventFun    file: components/chat-input/chat-input.js
[命名替换]:  _triggerVoiceRecordEvent  -->  triggerVoiceRecordEventFun    file: components/chat-input/chat-input.js
[命名替换]:  _dealVoiceLongClickEventWithHighVersion  -->  dealVoiceLongClickEventWithHighVersionFun    file: components/chat-input/chat-input.js
[命名替换]:  _setVoiceListener  -->  setVoiceListenerFun    file: components/chat-input/chat-input.js
[命名替换]:  _initVoiceData  -->  initVoiceDataFun    file: components/chat-input/chat-input.js

转换完成: 
耗时：17706ms
当前转换模式：【Hbuilder X】，生成HbuilderX项目。
优点：上手快，项目结构较简单；
缺点：资源路径会因为表达式而无法全部被修复(需手动修复)

注意：
1.当看到"image漏网之鱼"，意味着您"可能"需要手动调整对应代码(以实际编译运行为准)，当image标签的src属性是含变量或表达式，工具还无法做到100%转换，需要手动修改为相对/static目录的路径


日志说明：
1. image漏网之鱼 --> 为HbuilderX模式时，需要将资源移动到static，并且修复相应文件路径，有可能src为网络文件，有可能为变量或表达式，可能会导致转换后文件找不到，因此提示一下
修复提示：编译时，如有报错就将对应位置修复即可(虽然目前uni-app有类似的支持，似乎并不完善)
2. 命名替换 --> 小程序里对于属性名基本没什么限制，如id能做属性名，data下面的变量和函数名还能重名，但这些在uni-app里是不支持的，因此做了相关替换，并记录日志，也许组件在外部调用时，函数名被改而因此报错时，请查看此文档
